<?xml version="1.0" encoding="UTF-8"?>
<testsuite name="imc.visitor.shape.RectangleTest" tests="4" skipped="0" failures="0" errors="0" timestamp="2019-02-16T08:10:50" hostname="192-168-1-3.tpgi.com.au" time="0.012">
  <properties/>
  <testcase name="testConstructor1" classname="imc.visitor.shape.RectangleTest" time="0.009"/>
  <testcase name="testConstructor2" classname="imc.visitor.shape.RectangleTest" time="0.001"/>
  <testcase name="testRectangle" classname="imc.visitor.shape.RectangleTest" time="0.0"/>
  <testcase name="testConstructor" classname="imc.visitor.shape.RectangleTest" time="0.0"/>
  <system-out><![CDATA[]]></system-out>
  <system-err><![CDATA[]]></system-err>
</testsuite>
